0 verbose cli [ '/usr/bin/node', '/usr/bin/npm', 'install' ]
1 info using npm@8.5.1
2 info using node@v12.22.9
3 timing npm:load:whichnode Completed in 0ms
4 timing config:load:defaults Completed in 2ms
5 timing config:load:file:/usr/share/nodejs/npm/npmrc Completed in 17ms
6 timing config:load:builtin Completed in 17ms
7 timing config:load:cli Completed in 2ms
8 timing config:load:env Completed in 0ms
9 timing config:load:project Completed in 2ms
10 timing config:load:file:/home/ubuntu/.npmrc Completed in 0ms
11 timing config:load:user Completed in 0ms
12 timing config:load:file:/etc/npmrc Completed in 1ms
13 timing config:load:global Completed in 1ms
14 timing config:load:validate Completed in 0ms
15 timing config:load:credentials Completed in 1ms
16 timing config:load:setEnvs Completed in 1ms
17 timing config:load Completed in 27ms
18 timing npm:load:configload Completed in 27ms
19 timing npm:load:setTitle Completed in 0ms
20 timing config:load:flatten Completed in 5ms
21 timing npm:load:display Completed in 8ms
22 verbose logfile /home/ubuntu/.npm/_logs/2023-11-02T05_22_31_440Z-debug-0.log
23 timing npm:load:logFile Completed in 8ms
24 timing npm:load:timers Completed in 0ms
25 timing npm:load:configScope Completed in 0ms
26 timing npm:load Completed in 44ms
27 timing arborist:ctor Completed in 1ms
28 timing idealTree:init Completed in 14ms
29 timing idealTree:userRequests Completed in 0ms
30 silly idealTree buildDeps
31 timing idealTree:#root Completed in 1ms
32 timing idealTree:buildDeps Completed in 3ms
33 timing idealTree:fixDepFlags Completed in 0ms
34 timing idealTree Completed in 19ms
35 timing reify:loadTrees Completed in 23ms
36 timing reify:diffTrees Completed in 2ms
37 silly reify moves {}
38 timing reify:retireShallow Completed in 0ms
39 timing reify:createSparse Completed in 0ms
40 timing reify:loadBundles Completed in 0ms
41 silly audit report null
42 timing reify:audit Completed in 2ms
43 timing reify:unpack Completed in 1ms
44 timing reify:unretire Completed in 0ms
45 timing build:queue Completed in 0ms
46 timing build:deps Completed in 0ms
47 timing build Completed in 0ms
48 timing reify:build Completed in 1ms
49 timing reify:trash Completed in 0ms
50 timing reify:save Completed in 3ms
51 timing reify Completed in 52ms
52 timing command:install Completed in 58ms
53 verbose stack Error: ENOENT: no such file or directory, open '/home/ubuntu/package.json'
54 verbose cwd /home/ubuntu
55 verbose Linux 6.2.0-1012-aws
56 verbose argv "/usr/bin/node" "/usr/bin/npm" "install"
57 verbose node v12.22.9
58 verbose npm  v8.5.1
59 error code ENOENT
60 error syscall open
61 error path /home/ubuntu/package.json
62 error errno -2
63 error enoent ENOENT: no such file or directory, open '/home/ubuntu/package.json'
64 error enoent This is related to npm not being able to find a file.
64 error enoent
65 verbose exit -2
66 timing npm Completed in 377ms
67 verbose code -2
68 error A complete log of this run can be found in:
68 error     /home/ubuntu/.npm/_logs/2023-11-02T05_22_31_440Z-debug-0.log
